<?xml version="1.0" encoding="UTF-8"?>
<!-- Generated by org.testng.reporters.JUnitReportReporter -->
<testsuite hostname="LAPTOP-EFM8U59U" failures="0" tests="1" name="com.orangehrm.testcases.AddEmpTest.ET03_FirstNameRequired" time="25.953" errors="0" timestamp="23 Sep 2021 07:40:52 GMT" skipped="0">
  <testcase classname="com.orangehrm.testcases.AddEmpTest.ET03_FirstNameRequired" name="firstNameReq" time="25.953"/>
</testsuite> <!-- com.orangehrm.testcases.AddEmpTest.ET03_FirstNameRequired -->
