<?xml version="1.0" encoding="UTF-8"?>
<!-- Generated by org.testng.reporters.JUnitReportReporter -->
<testsuite hostname="LAPTOP-EFM8U59U" failures="0" tests="1" name="com.orangehrm.testcases.HomePageTest" time="11.314" errors="0" timestamp="2021-09-11T16:15:30 IST" skipped="0">
  <testcase classname="com.orangehrm.testcases.HomePageTest" name="adminTabTest" time="11.314"/>
  <system-out/>
</testsuite> <!-- com.orangehrm.testcases.HomePageTest -->
