<?xml version="1.0" encoding="UTF-8"?>
<!-- Generated by org.testng.reporters.JUnitReportReporter -->
<testsuite hostname="LAPTOP-EFM8U59U" failures="0" tests="1" name="com.orangehrm.testcases.nationality.NT04_Parallel_execution" time="26.387" errors="0" timestamp="23 Sep 2021 07:00:34 GMT" skipped="0">
  <testcase classname="com.orangehrm.testcases.nationality.NT04_Parallel_execution" name="Login_test" time="26.387"/>
</testsuite> <!-- com.orangehrm.testcases.nationality.NT04_Parallel_execution -->
