<?xml version="1.0" encoding="UTF-8"?>
<!-- Generated by org.testng.reporters.JUnitReportReporter -->
<testsuite hostname="LAPTOP-EFM8U59U" failures="0" tests="1" name="com.orangehrm.testcases.timesheet.TT04_LargeHoursTest" time="16.424" errors="0" timestamp="2021-09-18T16:31:22 IST" skipped="0">
  <testcase classname="com.orangehrm.testcases.timesheet.TT04_LargeHoursTest" name="LargeHours" time="16.424"/>
  <system-out/>
</testsuite> <!-- com.orangehrm.testcases.timesheet.TT04_LargeHoursTest -->
