<?xml version="1.0" encoding="UTF-8"?>
<!-- Generated by org.testng.reporters.JUnitReportReporter -->
<testsuite hostname="LAPTOP-EFM8U59U" failures="0" tests="1" name="com.orangehrm.testcases.nationality.NT02_Delete_Nationality" time="21.693" errors="0" timestamp="23 Sep 2021 06:58:04 GMT" skipped="0">
  <testcase classname="com.orangehrm.testcases.nationality.NT02_Delete_Nationality" name="Delete1_Nationality" time="21.693"/>
</testsuite> <!-- com.orangehrm.testcases.nationality.NT02_Delete_Nationality -->
