<?xml version="1.0" encoding="UTF-8"?>
<!-- Generated by org.testng.reporters.JUnitReportReporter -->
<testsuite hostname="LAPTOP-EFM8U59U" failures="0" tests="1" name="com.orangehrm.testcases.AddEmpTest.ET04_CheckPassword" time="20.160" errors="0" timestamp="23 Sep 2021 01:55:41 GMT" skipped="0">
  <testcase classname="com.orangehrm.testcases.AddEmpTest.ET04_CheckPassword" name="checkPassword" time="20.160"/>
</testsuite> <!-- com.orangehrm.testcases.AddEmpTest.ET04_CheckPassword -->
