<?xml version="1.0" encoding="UTF-8"?>
<!-- Generated by org.testng.reporters.JUnitReportReporter -->
<testsuite hostname="LAPTOP-EFM8U59U" failures="0" tests="1" name="com.orangehrm.testcases.AddEmpTest.ET02_VerifyTitle" time="17.000" errors="0" timestamp="23 Sep 2021 04:39:08 GMT" skipped="0">
  <testcase classname="com.orangehrm.testcases.AddEmpTest.ET02_VerifyTitle" name="VerifyTitle" time="17.000"/>
</testsuite> <!-- com.orangehrm.testcases.AddEmpTest.ET02_VerifyTitle -->
