<?xml version="1.0" encoding="UTF-8"?>
<!-- Generated by org.testng.reporters.JUnitReportReporter -->
<testsuite hostname="LAPTOP-EFM8U59U" failures="0" tests="1" name="com.orangehrm.testcases.timesheet.TT05_NullDateTest" time="15.816" errors="0" timestamp="2021-09-18T16:33:19 IST" skipped="0">
  <testcase classname="com.orangehrm.testcases.timesheet.TT05_NullDateTest" name="Nulldate" time="15.816"/>
  <system-out/>
</testsuite> <!-- com.orangehrm.testcases.timesheet.TT05_NullDateTest -->
