<?xml version="1.0" encoding="UTF-8"?>
<!-- Generated by org.testng.reporters.JUnitReportReporter -->
<testsuite hostname="LAPTOP-EFM8U59U" failures="0" tests="1" name="com.orangehrm.testcases.AddEmpTest.ET06_EmpImageStatus" time="20.636" errors="0" timestamp="2021-09-18T15:00:55 IST" skipped="0">
  <testcase classname="com.orangehrm.testcases.AddEmpTest.ET06_EmpImageStatus" name="validateImgFormat" time="20.636"/>
  <system-out/>
</testsuite> <!-- com.orangehrm.testcases.AddEmpTest.ET06_EmpImageStatus -->
