<?xml version="1.0" encoding="UTF-8"?>
<!-- Generated by org.testng.reporters.JUnitReportReporter -->
<testsuite hostname="LAPTOP-EFM8U59U" failures="0" tests="1" name="com.orangehrm.testcases.mailConfiguration.MT01_MatchURL" time="13.003" errors="0" timestamp="2021-09-18T15:34:44 IST" skipped="0">
  <testcase classname="com.orangehrm.testcases.mailConfiguration.MT01_MatchURL" name="MatchConfigModuleURL" time="13.003"/>
  <system-out/>
</testsuite> <!-- com.orangehrm.testcases.mailConfiguration.MT01_MatchURL -->
