<?xml version="1.0" encoding="UTF-8"?>
<!-- Generated by org.testng.reporters.JUnitReportReporter -->
<testsuite hostname="LAPTOP-EFM8U59U" failures="0" tests="1" name="com.orangehrm.testcases.mailConfiguration.MT01_MatchURL" time="14.470" errors="0" timestamp="23 Sep 2021 02:05:59 GMT" skipped="0">
  <testcase classname="com.orangehrm.testcases.mailConfiguration.MT01_MatchURL" name="MatchConfigModuleURL" time="14.470"/>
</testsuite> <!-- com.orangehrm.testcases.mailConfiguration.MT01_MatchURL -->
