<?xml version="1.0" encoding="UTF-8"?>
<!-- Generated by org.testng.reporters.JUnitReportReporter -->
<testsuite hostname="LAPTOP-EFM8U59U" failures="0" tests="1" name="com.orangehrm.testcases.timesheet.TT02_DuplicateRecordsTest" time="22.327" errors="0" timestamp="2021-09-18T16:28:53 IST" skipped="0">
  <testcase classname="com.orangehrm.testcases.timesheet.TT02_DuplicateRecordsTest" name="DuplicateRecordTimesheet" time="22.327"/>
  <system-out/>
</testsuite> <!-- com.orangehrm.testcases.timesheet.TT02_DuplicateRecordsTest -->
