<?xml version="1.0" encoding="UTF-8"?>
<!-- Generated by org.testng.reporters.JUnitReportReporter -->
<testsuite hostname="LAPTOP-EFM8U59U" failures="0" tests="1" name="com.orangehrm.testcases.AddEmpTest.ET03_FirstNameRequired" time="19.888" errors="0" timestamp="2021-09-18T15:01:55 IST" skipped="0">
  <testcase classname="com.orangehrm.testcases.AddEmpTest.ET03_FirstNameRequired" name="firstNameReq" time="19.888"/>
  <system-out/>
</testsuite> <!-- com.orangehrm.testcases.AddEmpTest.ET03_FirstNameRequired -->
