<?xml version="1.0" encoding="UTF-8"?>
<!-- Generated by org.testng.reporters.JUnitReportReporter -->
<testsuite hostname="LAPTOP-EFM8U59U" failures="0" tests="2" name="com.orangehrm.testcases.LoginPageTest" time="12.656" errors="0" timestamp="2021-09-14T19:25:58 IST" skipped="0">
  <testcase classname="com.orangehrm.testcases.LoginPageTest" name="verifyLogo" time="4.121"/>
  <system-out/>
  <testcase classname="com.orangehrm.testcases.LoginPageTest" name="loginTest" time="8.535"/>
  <system-out/>
</testsuite> <!-- com.orangehrm.testcases.LoginPageTest -->
