<?xml version="1.0" encoding="UTF-8"?>
<!-- Generated by org.testng.reporters.JUnitReportReporter -->
<testsuite hostname="LAPTOP-EFM8U59U" failures="0" tests="1" name="com.orangehrm.testcases.AddEmpTest.ET04_CheckPassword" time="19.131" errors="0" timestamp="2021-09-18T16:09:19 IST" skipped="0">
  <testcase classname="com.orangehrm.testcases.AddEmpTest.ET04_CheckPassword" name="checkPassword" time="19.131"/>
  <system-out/>
</testsuite> <!-- com.orangehrm.testcases.AddEmpTest.ET04_CheckPassword -->
