<?xml version="1.0" encoding="UTF-8"?>
<!-- Generated by org.testng.reporters.JUnitReportReporter -->
<testsuite hostname="LAPTOP-EFM8U59U" failures="0" tests="1" name="com.orangehrm.testcases.AddEmpTest.ET01_VerifyURL" time="17.480" errors="0" timestamp="23 Sep 2021 07:08:34 GMT" skipped="0">
  <testcase classname="com.orangehrm.testcases.AddEmpTest.ET01_VerifyURL" name="VerifyURL" time="17.480"/>
</testsuite> <!-- com.orangehrm.testcases.AddEmpTest.ET01_VerifyURL -->
