<?xml version="1.0" encoding="UTF-8"?>
<!-- Generated by org.testng.reporters.JUnitReportReporter -->
<testsuite hostname="LAPTOP-EFM8U59U" failures="0" tests="2" name="com.orangehrm.utility.basic" time="51.349" errors="0" timestamp="2021-09-20T17:48:33 IST" skipped="0">
  <testcase classname="com.orangehrm.utility.basic" name="test1" time="17.159"/>
  <system-out/>
  <testcase classname="com.orangehrm.utility.basic" name="test1" time="34.190"/>
  <system-out/>
</testsuite> <!-- com.orangehrm.utility.basic -->
