<?xml version="1.0" encoding="UTF-8"?>
<!-- Generated by org.testng.reporters.JUnitReportReporter -->
<testsuite hostname="LAPTOP-EFM8U59U" failures="0" tests="1" name="com.orangehrm.testcases.mailConfiguration.MT05_Reset_Config_Settings" time="15.103" errors="0" timestamp="23 Sep 2021 02:05:59 GMT" skipped="0">
  <testcase classname="com.orangehrm.testcases.mailConfiguration.MT05_Reset_Config_Settings" name="ResetConfigSettings" time="15.103"/>
</testsuite> <!-- com.orangehrm.testcases.mailConfiguration.MT05_Reset_Config_Settings -->
