<?xml version="1.0" encoding="UTF-8"?>
<!-- Generated by org.testng.reporters.JUnitReportReporter -->
<testsuite hostname="LAPTOP-EFM8U59U" failures="0" tests="1" name="com.orangehrm.testcases.timesheet.TT01_DateFormatTimesheetTest" time="25.235" errors="0" timestamp="23 Sep 2021 04:17:21 GMT" skipped="0">
  <testcase classname="com.orangehrm.testcases.timesheet.TT01_DateFormatTimesheetTest" name="DateFormat_Timesheet" time="25.235"/>
</testsuite> <!-- com.orangehrm.testcases.timesheet.TT01_DateFormatTimesheetTest -->
