<?xml version="1.0" encoding="UTF-8"?>
<!-- Generated by org.testng.reporters.JUnitReportReporter -->
<testsuite hostname="LAPTOP-EFM8U59U" failures="0" tests="1" name="com.orangehrm.testcases.TC_Add_Nationality" time="14.317" errors="0" timestamp="2021-09-15T11:37:44 IST" skipped="0">
  <testcase classname="com.orangehrm.testcases.TC_Add_Nationality" name="Add_N" time="14.317"/>
  <system-out/>
</testsuite> <!-- com.orangehrm.testcases.TC_Add_Nationality -->
