<?xml version="1.0" encoding="UTF-8"?>
<!-- Generated by org.testng.reporters.JUnitReportReporter -->
<testsuite hostname="LAPTOP-EFM8U59U" failures="0" tests="1" name="com.orangehrm.testcases.mailConfiguration.MT05_Reset_Config_Settings" time="14.184" errors="0" timestamp="2021-09-18T15:36:00 IST" skipped="0">
  <testcase classname="com.orangehrm.testcases.mailConfiguration.MT05_Reset_Config_Settings" name="ResetConfigSettings" time="14.184"/>
  <system-out/>
</testsuite> <!-- com.orangehrm.testcases.mailConfiguration.MT05_Reset_Config_Settings -->
