<?xml version="1.0" encoding="UTF-8"?>
<!-- Generated by org.testng.reporters.JUnitReportReporter -->
<testsuite hostname="LAPTOP-EFM8U59U" failures="0" tests="1" name="com.orangehrm.testcases.timesheet.TT01_DateFormatTimesheetTest" time="18.971" errors="0" timestamp="2021-09-18T16:14:30 IST" skipped="0">
  <testcase classname="com.orangehrm.testcases.timesheet.TT01_DateFormatTimesheetTest" name="DateFormat_Timesheet" time="18.971"/>
  <system-out/>
</testsuite> <!-- com.orangehrm.testcases.timesheet.TT01_DateFormatTimesheetTest -->
