<?xml version="1.0" encoding="UTF-8"?>
<!-- Generated by org.testng.reporters.JUnitReportReporter -->
<testsuite hostname="LAPTOP-EFM8U59U" failures="0" tests="1" name="com.orangehrm.testcases.nationality.NT01_Add_Nationality" time="11.971" errors="0" timestamp="2021-09-18T16:11:46 IST" skipped="0">
  <testcase classname="com.orangehrm.testcases.nationality.NT01_Add_Nationality" name="Add_N" time="11.971"/>
  <system-out/>
</testsuite> <!-- com.orangehrm.testcases.nationality.NT01_Add_Nationality -->
