<?xml version="1.0" encoding="UTF-8"?>
<!-- Generated by org.testng.reporters.JUnitReportReporter -->
<testsuite hostname="LAPTOP-EFM8U59U" failures="0" tests="1" name="com.orangehrm.testcases.nationality.NT01_Add_Nationality" time="14.912" errors="0" timestamp="23 Sep 2021 07:04:26 GMT" skipped="0">
  <testcase classname="com.orangehrm.testcases.nationality.NT01_Add_Nationality" name="Add_N" time="14.912"/>
</testsuite> <!-- com.orangehrm.testcases.nationality.NT01_Add_Nationality -->
