<?xml version="1.0" encoding="UTF-8"?>
<!-- Generated by org.testng.reporters.JUnitReportReporter -->
<testsuite hostname="LAPTOP-EFM8U59U" failures="0" tests="1" name="com.orangehrm.testcases.Add_Nationality_Test" time="12.915" errors="0" timestamp="2021-09-15T11:32:42 IST" skipped="0">
  <testcase classname="com.orangehrm.testcases.Add_Nationality_Test" name="loginTest" time="12.915"/>
  <system-out/>
</testsuite> <!-- com.orangehrm.testcases.Add_Nationality_Test -->
