<?xml version="1.0" encoding="UTF-8"?>
<!-- Generated by org.testng.reporters.JUnitReportReporter -->
<testsuite hostname="LAPTOP-EFM8U59U" failures="0" tests="1" name="com.orangehrm.testcases.timesheet.TT02_FutureDate_TimesheetTest" time="22.226" errors="0" timestamp="23 Sep 2021 04:19:38 GMT" skipped="0">
  <testcase classname="com.orangehrm.testcases.timesheet.TT02_FutureDate_TimesheetTest" name="FutureDate_Timesheet" time="22.226"/>
</testsuite> <!-- com.orangehrm.testcases.timesheet.TT02_FutureDate_TimesheetTest -->
