<?xml version="1.0" encoding="UTF-8"?>
<!-- Generated by org.testng.reporters.JUnitReportReporter -->
<testsuite hostname="LAPTOP-EFM8U59U" failures="0" tests="1" name="com.orangehrm.testcases.AddEmpTest.ET05_AddEmployee" time="31.625" errors="0" timestamp="23 Sep 2021 07:39:41 GMT" skipped="0">
  <testcase classname="com.orangehrm.testcases.AddEmpTest.ET05_AddEmployee" name="Verify_Add_Emp" time="31.625"/>
</testsuite> <!-- com.orangehrm.testcases.AddEmpTest.ET05_AddEmployee -->
