<?xml version="1.0" encoding="UTF-8"?>
<!-- Generated by org.testng.reporters.JUnitReportReporter -->
<testsuite hostname="LAPTOP-EFM8U59U" failures="0" tests="1" name="com.orangehrm.testcases.login.LT10_HomePageTest" time="47.109" errors="0" timestamp="23 Sep 2021 06:42:28 GMT" skipped="0">
  <testcase classname="com.orangehrm.testcases.login.LT10_HomePageTest" name="adminTabTest" time="47.109"/>
</testsuite> <!-- com.orangehrm.testcases.login.LT10_HomePageTest -->
