<?xml version="1.0" encoding="UTF-8"?>
<!-- Generated by org.testng.reporters.JUnitReportReporter -->
<testsuite hostname="LAPTOP-EFM8U59U" failures="0" tests="1" name="com.orangehrm.testcases.TC_Delete_Nationality" time="21.239" errors="0" timestamp="2021-09-15T12:03:26 IST" skipped="0">
  <testcase classname="com.orangehrm.testcases.TC_Delete_Nationality" name="Add_N" time="21.239"/>
  <system-out/>
</testsuite> <!-- com.orangehrm.testcases.TC_Delete_Nationality -->
