<?xml version="1.0" encoding="UTF-8"?>
<!-- Generated by org.testng.reporters.JUnitReportReporter -->
<testsuite hostname="LAPTOP-EFM8U59U" failures="0" tests="1" name="com.orangehrm.testcases.timesheet.TT03_FutureDate_TimesheetTest" time="15.240" errors="0" timestamp="2021-09-18T16:29:43 IST" skipped="0">
  <testcase classname="com.orangehrm.testcases.timesheet.TT03_FutureDate_TimesheetTest" name="FutureDate_Timesheet" time="15.240"/>
  <system-out/>
</testsuite> <!-- com.orangehrm.testcases.timesheet.TT03_FutureDate_TimesheetTest -->
