<?xml version="1.0" encoding="UTF-8"?>
<!-- Generated by org.testng.reporters.JUnitReportReporter -->
<testsuite hostname="LAPTOP-EFM8U59U" failures="0" tests="1" name="com.orangehrm.testcases.AddEmpTest.ET02_VerifyTitle" time="16.489" errors="0" timestamp="21 Sep 2021 09:48:25 GMT" skipped="0">
  <testcase classname="com.orangehrm.testcases.AddEmpTest.ET02_VerifyTitle" name="VerifyTitle" time="16.489"/>
</testsuite> <!-- com.orangehrm.testcases.AddEmpTest.ET02_VerifyTitle -->
