<?xml version="1.0" encoding="UTF-8"?>
<!-- Generated by org.testng.reporters.JUnitReportReporter -->
<testsuite hostname="LAPTOP-EFM8U59U" failures="0" tests="1" name="com.orangehrm.testcases.TC_Add_Nationality" time="17.102" errors="0" timestamp="14 Sep 2021 13:53:07 GMT" skipped="0">
  <testcase classname="com.orangehrm.testcases.TC_Add_Nationality" name="Add_N" time="17.102"/>
</testsuite> <!-- com.orangehrm.testcases.TC_Add_Nationality -->
