<?xml version="1.0" encoding="UTF-8"?>
<!-- Generated by org.testng.reporters.JUnitReportReporter -->
<testsuite hostname="LAPTOP-EFM8U59U" failures="0" tests="1" name="com.orangehrm.testcases.mailConfiguration.MT01_MatchURL" time="16.658" errors="0" timestamp="22 Sep 2021 12:31:45 GMT" skipped="0">
  <testcase classname="com.orangehrm.testcases.mailConfiguration.MT01_MatchURL" name="MatchConfigModuleURL" time="16.658"/>
</testsuite> <!-- com.orangehrm.testcases.mailConfiguration.MT01_MatchURL -->
