<?xml version="1.0" encoding="UTF-8"?>
<!-- Generated by org.testng.reporters.JUnitReportReporter -->
<testsuite hostname="LAPTOP-EFM8U59U" failures="0" tests="1" name="com.orangehrm.testcases.AddEmpTest.ET01_VerifyURL" time="19.214" errors="0" timestamp="21 Sep 2021 09:48:25 GMT" skipped="0">
  <testcase classname="com.orangehrm.testcases.AddEmpTest.ET01_VerifyURL" name="VerifyURL" time="19.214"/>
</testsuite> <!-- com.orangehrm.testcases.AddEmpTest.ET01_VerifyURL -->
