<?xml version="1.0" encoding="UTF-8"?>
<!-- Generated by org.testng.reporters.JUnitReportReporter -->
<testsuite hostname="LAPTOP-EFM8U59U" failures="0" tests="1" name="com.orangehrm.testcases.HomePageTest" time="13.551" errors="0" timestamp="14 Sep 2021 13:53:07 GMT" skipped="0">
  <testcase classname="com.orangehrm.testcases.HomePageTest" name="adminTabTest" time="13.551"/>
</testsuite> <!-- com.orangehrm.testcases.HomePageTest -->
