<?xml version="1.0" encoding="UTF-8"?>
<!-- Generated by org.testng.reporters.JUnitReportReporter -->
<testsuite hostname="LAPTOP-EFM8U59U" failures="0" tests="2" name="com.orangehrm.testcases.LoginPageTest" time="16.303" errors="0" timestamp="14 Sep 2021 13:53:07 GMT" skipped="0">
  <testcase classname="com.orangehrm.testcases.LoginPageTest" name="verifyLogo" time="7.837"/>
  <testcase classname="com.orangehrm.testcases.LoginPageTest" name="loginTest" time="8.466"/>
</testsuite> <!-- com.orangehrm.testcases.LoginPageTest -->
