<?xml version="1.0" encoding="UTF-8"?>
<!-- Generated by org.testng.reporters.JUnitReportReporter -->
<testsuite hostname="LAPTOP-EFM8U59U" failures="0" tests="1" name="com.orangehrm.testcases.AddEmpTest.ET04_CheckPassword" time="19.594" errors="0" timestamp="21 Sep 2021 09:48:25 GMT" skipped="0">
  <testcase classname="com.orangehrm.testcases.AddEmpTest.ET04_CheckPassword" name="checkPassword" time="19.594"/>
</testsuite> <!-- com.orangehrm.testcases.AddEmpTest.ET04_CheckPassword -->
